2017-03-26 18:56:12.493  INFO 11471 --- [main] c.c.c.ConfigServicePropertySourceLocator : Fetching config from server at: http://localhost:8888
2017-03-26 18:56:17.287  INFO 11471 --- [main] c.c.c.ConfigServicePropertySourceLocator : Located environment: name=discovery-service, profiles=[default], label=null, version=null, state=null
2017-03-26 18:56:17.290  INFO 11471 --- [main] b.c.PropertySourceBootstrapConfiguration : Located property source: CompositePropertySource [name='configService', propertySources=[MapPropertySource [name='https://github.com/secosoftware/sphynxConfig/discovery-service.yml']]]
2017-03-26 18:56:17.525  INFO 11471 --- [main] c.s.q.discoveryservice.Application       : No active profile set, falling back to default profiles: default
2017-03-26 18:56:17.592  INFO 11471 --- [main] ationConfigEmbeddedWebApplicationContext : Refreshing org.springframework.boot.context.embedded.AnnotationConfigEmbeddedWebApplicationContext@1568159: startup date [Sun Mar 26 18:56:17 ART 2017]; parent: org.springframework.context.annotation.AnnotationConfigApplicationContext@3d34d211
2017-03-26 18:56:20.617  INFO 11471 --- [main] o.s.cloud.context.scope.GenericScope     : BeanFactory id=a997e0bd-b619-3e7f-bfff-0c7e347db7df
2017-03-26 18:56:20.666  INFO 11471 --- [main] f.a.AutowiredAnnotationBeanPostProcessor : JSR-330 'javax.inject.Inject' annotation found and supported for autowiring
2017-03-26 18:56:20.708  INFO 11471 --- [main] trationDelegate$BeanPostProcessorChecker : Bean 'org.springframework.boot.autoconfigure.validation.ValidationAutoConfiguration' of type [class org.springframework.boot.autoconfigure.validation.ValidationAutoConfiguration] is not eligible for getting processed by all BeanPostProcessors (for example: not eligible for auto-proxying)
2017-03-26 18:56:20.746  INFO 11471 --- [main] trationDelegate$BeanPostProcessorChecker : Bean 'validator' of type [class org.springframework.validation.beanvalidation.LocalValidatorFactoryBean] is not eligible for getting processed by all BeanPostProcessors (for example: not eligible for auto-proxying)
2017-03-26 18:56:21.183  INFO 11471 --- [main] trationDelegate$BeanPostProcessorChecker : Bean 'org.springframework.cloud.netflix.metrics.MetricsInterceptorConfiguration$MetricsRestTemplateConfiguration' of type [class org.springframework.cloud.netflix.metrics.MetricsInterceptorConfiguration$MetricsRestTemplateConfiguration$$EnhancerBySpringCGLIB$$ac75c185] is not eligible for getting processed by all BeanPostProcessors (for example: not eligible for auto-proxying)
2017-03-26 18:56:21.203  INFO 11471 --- [main] trationDelegate$BeanPostProcessorChecker : Bean 'org.springframework.cloud.autoconfigure.ConfigurationPropertiesRebinderAutoConfiguration' of type [class org.springframework.cloud.autoconfigure.ConfigurationPropertiesRebinderAutoConfiguration$$EnhancerBySpringCGLIB$$96631e41] is not eligible for getting processed by all BeanPostProcessors (for example: not eligible for auto-proxying)
2017-03-26 18:56:21.555  INFO 11471 --- [main] org.xnio                                 : XNIO version 3.3.6.Final
2017-03-26 18:56:21.586  INFO 11471 --- [main] org.xnio.nio                             : XNIO NIO Implementation Version 3.3.6.Final
2017-03-26 18:56:21.656  WARN 11471 --- [main] io.undertow.websockets.jsr               : UT026009: XNIO worker was not set on WebSocketDeploymentInfo, the default worker will be used
2017-03-26 18:56:21.657  WARN 11471 --- [main] io.undertow.websockets.jsr               : UT026010: Buffer pool was not set on WebSocketDeploymentInfo, the default pool will be used
2017-03-26 18:56:21.696  INFO 11471 --- [main] io.undertow.servlet                      : Initializing Spring embedded WebApplicationContext
2017-03-26 18:56:21.696  INFO 11471 --- [main] o.s.web.context.ContextLoader            : Root WebApplicationContext: initialization completed in 4104 ms
2017-03-26 18:56:23.001  INFO 11471 --- [main] o.s.b.w.servlet.FilterRegistrationBean   : Mapping filter: 'metricsFilter' to: [/*]
2017-03-26 18:56:23.004  INFO 11471 --- [main] o.s.b.w.servlet.FilterRegistrationBean   : Mapping filter: 'characterEncodingFilter' to: [/*]
2017-03-26 18:56:23.005  INFO 11471 --- [main] o.s.b.w.servlet.FilterRegistrationBean   : Mapping filter: 'hiddenHttpMethodFilter' to: [/*]
2017-03-26 18:56:23.005  INFO 11471 --- [main] o.s.b.w.servlet.FilterRegistrationBean   : Mapping filter: 'httpPutFormContentFilter' to: [/*]
2017-03-26 18:56:23.005  INFO 11471 --- [main] o.s.b.w.servlet.FilterRegistrationBean   : Mapping filter: 'requestContextFilter' to: [/*]
2017-03-26 18:56:23.006  INFO 11471 --- [main] o.s.b.w.servlet.FilterRegistrationBean   : Mapping filter: 'webRequestTraceFilter' to: [/*]
2017-03-26 18:56:23.007  INFO 11471 --- [main] o.s.b.w.servlet.FilterRegistrationBean   : Mapping filter: 'servletContainer' to urls: [/eureka/*]
2017-03-26 18:56:23.007  INFO 11471 --- [main] o.s.b.w.servlet.FilterRegistrationBean   : Mapping filter: 'applicationContextIdFilter' to: [/*]
2017-03-26 18:56:23.008  INFO 11471 --- [main] o.s.b.w.servlet.ServletRegistrationBean  : Mapping servlet: 'dispatcherServlet' to [/]
2017-03-26 18:56:24.522  INFO 11471 --- [main] s.w.s.m.m.a.RequestMappingHandlerAdapter : Looking for @ControllerAdvice: org.springframework.boot.context.embedded.AnnotationConfigEmbeddedWebApplicationContext@1568159: startup date [Sun Mar 26 18:56:17 ART 2017]; parent: org.springframework.context.annotation.AnnotationConfigApplicationContext@3d34d211
2017-03-26 18:56:24.845  INFO 11471 --- [main] s.w.s.m.m.a.RequestMappingHandlerMapping : Mapped "{[/error],produces=[text/html]}" onto public org.springframework.web.servlet.ModelAndView org.springframework.boot.autoconfigure.web.BasicErrorController.errorHtml(javax.servlet.http.HttpServletRequest,javax.servlet.http.HttpServletResponse)
2017-03-26 18:56:24.847  INFO 11471 --- [main] s.w.s.m.m.a.RequestMappingHandlerMapping : Mapped "{[/error]}" onto public org.springframework.http.ResponseEntity<java.util.Map<java.lang.String, java.lang.Object>> org.springframework.boot.autoconfigure.web.BasicErrorController.error(javax.servlet.http.HttpServletRequest)
2017-03-26 18:56:24.861  INFO 11471 --- [main] s.w.s.m.m.a.RequestMappingHandlerMapping : Mapped "{[/lastn],methods=[GET]}" onto public java.lang.String org.springframework.cloud.netflix.eureka.server.EurekaController.lastn(javax.servlet.http.HttpServletRequest,java.util.Map<java.lang.String, java.lang.Object>)
2017-03-26 18:56:24.865  INFO 11471 --- [main] s.w.s.m.m.a.RequestMappingHandlerMapping : Mapped "{[/],methods=[GET]}" onto public java.lang.String org.springframework.cloud.netflix.eureka.server.EurekaController.status(javax.servlet.http.HttpServletRequest,java.util.Map<java.lang.String, java.lang.Object>)
2017-03-26 18:56:25.052  INFO 11471 --- [main] o.s.w.s.handler.SimpleUrlHandlerMapping  : Mapped URL path [/webjars/**] onto handler of type [class org.springframework.web.servlet.resource.ResourceHttpRequestHandler]
2017-03-26 18:56:25.053  INFO 11471 --- [main] o.s.w.s.handler.SimpleUrlHandlerMapping  : Mapped URL path [/**] onto handler of type [class org.springframework.web.servlet.resource.ResourceHttpRequestHandler]
2017-03-26 18:56:25.309  INFO 11471 --- [main] o.s.w.s.handler.SimpleUrlHandlerMapping  : Mapped URL path [/**/favicon.ico] onto handler of type [class org.springframework.web.servlet.resource.ResourceHttpRequestHandler]
2017-03-26 18:56:26.785  INFO 11471 --- [main] o.s.b.a.e.mvc.EndpointHandlerMapping     : Mapped "{[/pause || /pause.json],methods=[POST]}" onto public java.lang.Object org.springframework.cloud.endpoint.GenericPostableMvcEndpoint.invoke()
2017-03-26 18:56:26.787  INFO 11471 --- [main] o.s.b.a.e.mvc.EndpointHandlerMapping     : Mapped "{[/refresh || /refresh.json],methods=[POST]}" onto public java.lang.Object org.springframework.cloud.endpoint.GenericPostableMvcEndpoint.invoke()
2017-03-26 18:56:26.791  INFO 11471 --- [main] o.s.b.a.e.mvc.EndpointHandlerMapping     : Mapped "{[/restart || /restart.json],methods=[POST]}" onto public java.lang.Object org.springframework.cloud.context.restart.RestartMvcEndpoint.invoke()
2017-03-26 18:56:26.794  INFO 11471 --- [main] o.s.b.a.e.mvc.EndpointHandlerMapping     : Mapped "{[/health || /health.json],methods=[GET],produces=[application/vnd.spring-boot.actuator.v1+json || application/json]}" onto public java.lang.Object org.springframework.boot.actuate.endpoint.mvc.HealthMvcEndpoint.invoke(javax.servlet.http.HttpServletRequest)
2017-03-26 18:56:26.799  INFO 11471 --- [main] o.s.b.a.e.mvc.EndpointHandlerMapping     : Mapped "{[/loggers/{name:.*}],methods=[GET],produces=[application/vnd.spring-boot.actuator.v1+json || application/json]}" onto public java.lang.Object org.springframework.boot.actuate.endpoint.mvc.LoggersMvcEndpoint.get(java.lang.String)
2017-03-26 18:56:26.802  INFO 11471 --- [main] o.s.b.a.e.mvc.EndpointHandlerMapping     : Mapped "{[/loggers/{name:.*}],methods=[POST],consumes=[application/vnd.spring-boot.actuator.v1+json || application/json],produces=[application/vnd.spring-boot.actuator.v1+json || application/json]}" onto public java.lang.Object org.springframework.boot.actuate.endpoint.mvc.LoggersMvcEndpoint.set(java.lang.String,java.util.Map<java.lang.String, java.lang.String>)
2017-03-26 18:56:26.804  INFO 11471 --- [main] o.s.b.a.e.mvc.EndpointHandlerMapping     : Mapped "{[/loggers || /loggers.json],methods=[GET],produces=[application/vnd.spring-boot.actuator.v1+json || application/json]}" onto public java.lang.Object org.springframework.boot.actuate.endpoint.mvc.EndpointMvcAdapter.invoke()
2017-03-26 18:56:26.807  INFO 11471 --- [main] o.s.b.a.e.mvc.EndpointHandlerMapping     : Mapped "{[/auditevents || /auditevents.json],methods=[GET],produces=[application/vnd.spring-boot.actuator.v1+json || application/json]}" onto public org.springframework.http.ResponseEntity<?> org.springframework.boot.actuate.endpoint.mvc.AuditEventsMvcEndpoint.findByPrincipalAndAfterAndType(java.lang.String,java.util.Date,java.lang.String)
2017-03-26 18:56:26.811  INFO 11471 --- [main] o.s.b.a.e.mvc.EndpointHandlerMapping     : Mapped "{[/metrics/{name:.*}],methods=[GET],produces=[application/vnd.spring-boot.actuator.v1+json || application/json]}" onto public java.lang.Object org.springframework.boot.actuate.endpoint.mvc.MetricsMvcEndpoint.value(java.lang.String)
2017-03-26 18:56:26.813  INFO 11471 --- [main] o.s.b.a.e.mvc.EndpointHandlerMapping     : Mapped "{[/metrics || /metrics.json],methods=[GET],produces=[application/vnd.spring-boot.actuator.v1+json || application/json]}" onto public java.lang.Object org.springframework.boot.actuate.endpoint.mvc.EndpointMvcAdapter.invoke()
2017-03-26 18:56:26.817  INFO 11471 --- [main] o.s.b.a.e.mvc.EndpointHandlerMapping     : Mapped "{[/logfile || /logfile.json],methods=[GET || HEAD]}" onto public void org.springframework.boot.actuate.endpoint.mvc.LogFileMvcEndpoint.invoke(javax.servlet.http.HttpServletRequest,javax.servlet.http.HttpServletResponse) throws javax.servlet.ServletException,java.io.IOException
2017-03-26 18:56:26.820  INFO 11471 --- [main] o.s.b.a.e.mvc.EndpointHandlerMapping     : Mapped "{[/archaius || /archaius.json],methods=[GET],produces=[application/vnd.spring-boot.actuator.v1+json || application/json]}" onto public java.lang.Object org.springframework.boot.actuate.endpoint.mvc.EndpointMvcAdapter.invoke()
2017-03-26 18:56:26.825  INFO 11471 --- [main] o.s.b.a.e.mvc.EndpointHandlerMapping     : Mapped "{[/info || /info.json],methods=[GET],produces=[application/vnd.spring-boot.actuator.v1+json || application/json]}" onto public java.lang.Object org.springframework.boot.actuate.endpoint.mvc.EndpointMvcAdapter.invoke()
2017-03-26 18:56:26.828  INFO 11471 --- [main] o.s.b.a.e.mvc.EndpointHandlerMapping     : Mapped "{[/trace || /trace.json],methods=[GET],produces=[application/vnd.spring-boot.actuator.v1+json || application/json]}" onto public java.lang.Object org.springframework.boot.actuate.endpoint.mvc.EndpointMvcAdapter.invoke()
2017-03-26 18:56:26.831  INFO 11471 --- [main] o.s.b.a.e.mvc.EndpointHandlerMapping     : Mapped "{[/env/{name:.*}],methods=[GET],produces=[application/vnd.spring-boot.actuator.v1+json || application/json]}" onto public java.lang.Object org.springframework.boot.actuate.endpoint.mvc.EnvironmentMvcEndpoint.value(java.lang.String)
2017-03-26 18:56:26.833  INFO 11471 --- [main] o.s.b.a.e.mvc.EndpointHandlerMapping     : Mapped "{[/env || /env.json],methods=[GET],produces=[application/vnd.spring-boot.actuator.v1+json || application/json]}" onto public java.lang.Object org.springframework.boot.actuate.endpoint.mvc.EndpointMvcAdapter.invoke()
2017-03-26 18:56:26.838  INFO 11471 --- [main] o.s.b.a.e.mvc.EndpointHandlerMapping     : Mapped "{[/resume || /resume.json],methods=[POST]}" onto public java.lang.Object org.springframework.cloud.endpoint.GenericPostableMvcEndpoint.invoke()
2017-03-26 18:56:26.844  INFO 11471 --- [main] o.s.b.a.e.mvc.EndpointHandlerMapping     : Mapped "{[/heapdump || /heapdump.json],methods=[GET],produces=[application/octet-stream]}" onto public void org.springframework.boot.actuate.endpoint.mvc.HeapdumpMvcEndpoint.invoke(boolean,javax.servlet.http.HttpServletRequest,javax.servlet.http.HttpServletResponse) throws java.io.IOException,javax.servlet.ServletException
2017-03-26 18:56:26.847  INFO 11471 --- [main] o.s.b.a.e.mvc.EndpointHandlerMapping     : Mapped "{[/features || /features.json],methods=[GET],produces=[application/vnd.spring-boot.actuator.v1+json || application/json]}" onto public java.lang.Object org.springframework.boot.actuate.endpoint.mvc.EndpointMvcAdapter.invoke()
2017-03-26 18:56:26.849  INFO 11471 --- [main] o.s.b.a.e.mvc.EndpointHandlerMapping     : Mapped "{[/mappings || /mappings.json],methods=[GET],produces=[application/vnd.spring-boot.actuator.v1+json || application/json]}" onto public java.lang.Object org.springframework.boot.actuate.endpoint.mvc.EndpointMvcAdapter.invoke()
2017-03-26 18:56:26.852  INFO 11471 --- [main] o.s.b.a.e.mvc.EndpointHandlerMapping     : Mapped "{[/configprops || /configprops.json],methods=[GET],produces=[application/vnd.spring-boot.actuator.v1+json || application/json]}" onto public java.lang.Object org.springframework.boot.actuate.endpoint.mvc.EndpointMvcAdapter.invoke()
2017-03-26 18:56:26.854  INFO 11471 --- [main] o.s.b.a.e.mvc.EndpointHandlerMapping     : Mapped "{[/autoconfig || /autoconfig.json],methods=[GET],produces=[application/vnd.spring-boot.actuator.v1+json || application/json]}" onto public java.lang.Object org.springframework.boot.actuate.endpoint.mvc.EndpointMvcAdapter.invoke()
2017-03-26 18:56:26.856  INFO 11471 --- [main] o.s.b.a.e.mvc.EndpointHandlerMapping     : Mapped "{[/beans || /beans.json],methods=[GET],produces=[application/vnd.spring-boot.actuator.v1+json || application/json]}" onto public java.lang.Object org.springframework.boot.actuate.endpoint.mvc.EndpointMvcAdapter.invoke()
2017-03-26 18:56:26.858  INFO 11471 --- [main] o.s.b.a.e.mvc.EndpointHandlerMapping     : Mapped "{[/dump || /dump.json],methods=[GET],produces=[application/vnd.spring-boot.actuator.v1+json || application/json]}" onto public java.lang.Object org.springframework.boot.actuate.endpoint.mvc.EndpointMvcAdapter.invoke()
2017-03-26 18:56:26.859  INFO 11471 --- [main] o.s.b.a.e.mvc.EndpointHandlerMapping     : Mapped "{[/env],methods=[POST]}" onto public java.lang.Object org.springframework.cloud.context.environment.EnvironmentManagerMvcEndpoint.value(java.util.Map<java.lang.String, java.lang.String>)
2017-03-26 18:56:26.859  INFO 11471 --- [main] o.s.b.a.e.mvc.EndpointHandlerMapping     : Mapped "{[/env/reset],methods=[POST]}" onto public java.util.Map<java.lang.String, java.lang.Object> org.springframework.cloud.context.environment.EnvironmentManagerMvcEndpoint.reset()
2017-03-26 18:56:26.860  INFO 11471 --- [main] o.s.b.a.e.mvc.EndpointHandlerMapping     : Mapped "{[/service-registry/instance-status],methods=[GET]}" onto public org.springframework.http.ResponseEntity org.springframework.cloud.client.serviceregistry.endpoint.ServiceRegistryEndpoint.getStatus()
2017-03-26 18:56:26.861  INFO 11471 --- [main] o.s.b.a.e.mvc.EndpointHandlerMapping     : Mapped "{[/service-registry/instance-status],methods=[POST]}" onto public org.springframework.http.ResponseEntity<?> org.springframework.cloud.client.serviceregistry.endpoint.ServiceRegistryEndpoint.setStatus(java.lang.String)
2017-03-26 18:56:27.128  INFO 11471 --- [main] o.s.ui.freemarker.SpringTemplateLoader   : SpringTemplateLoader for FreeMarker: using resource loader [org.springframework.boot.context.embedded.AnnotationConfigEmbeddedWebApplicationContext@1568159: startup date [Sun Mar 26 18:56:17 ART 2017]; parent: org.springframework.context.annotation.AnnotationConfigApplicationContext@3d34d211] and template loader path [classpath:/templates/]
2017-03-26 18:56:27.130  INFO 11471 --- [main] o.s.w.s.v.f.FreeMarkerConfigurer         : ClassTemplateLoader for Spring macros added to FreeMarker configuration
2017-03-26 18:56:27.389  WARN 11471 --- [main] c.n.c.sources.URLConfigurationSource     : No URLs will be polled as dynamic configuration sources.
2017-03-26 18:56:27.390  INFO 11471 --- [main] c.n.c.sources.URLConfigurationSource     : To enable URLs as dynamic configuration sources, define System property archaius.configurationSource.additionalUrls or make config.properties available on classpath.
2017-03-26 18:56:27.403  WARN 11471 --- [main] c.n.c.sources.URLConfigurationSource     : No URLs will be polled as dynamic configuration sources.
2017-03-26 18:56:27.403  INFO 11471 --- [main] c.n.c.sources.URLConfigurationSource     : To enable URLs as dynamic configuration sources, define System property archaius.configurationSource.additionalUrls or make config.properties available on classpath.
2017-03-26 18:56:27.674  INFO 11471 --- [main] o.s.c.n.eureka.InstanceInfoFactory       : Setting initial instance status as: STARTING
2017-03-26 18:56:27.959  INFO 11471 --- [main] c.n.eureka.DefaultEurekaServerContext    : Initializing ...
2017-03-26 18:56:27.969  INFO 11471 --- [main] c.n.eureka.cluster.PeerEurekaNodes       : Adding new peer nodes [http://localhost:8761/eureka/]
2017-03-26 18:56:28.925  INFO 11471 --- [main] c.n.eureka.cluster.PeerEurekaNodes       : Replica node URL:  http://localhost:8761/eureka/
2017-03-26 18:56:28.948  INFO 11471 --- [main] c.n.e.registry.AbstractInstanceRegistry  : Finished initializing remote region registries. All known remote regions: []
2017-03-26 18:56:28.950  INFO 11471 --- [main] c.n.eureka.DefaultEurekaServerContext    : Initialized
2017-03-26 18:56:29.145  INFO 11471 --- [main] o.s.j.e.a.AnnotationMBeanExporter        : Registering beans for JMX exposure on startup
2017-03-26 18:56:29.164  INFO 11471 --- [main] o.s.j.e.a.AnnotationMBeanExporter        : Bean with name 'environmentManager' has been autodetected for JMX exposure
2017-03-26 18:56:29.168  INFO 11471 --- [main] o.s.j.e.a.AnnotationMBeanExporter        : Bean with name 'configurationPropertiesRebinder' has been autodetected for JMX exposure
2017-03-26 18:56:29.170  INFO 11471 --- [main] o.s.j.e.a.AnnotationMBeanExporter        : Bean with name 'refreshEndpoint' has been autodetected for JMX exposure
2017-03-26 18:56:29.172  INFO 11471 --- [main] o.s.j.e.a.AnnotationMBeanExporter        : Bean with name 'restartEndpoint' has been autodetected for JMX exposure
2017-03-26 18:56:29.174  INFO 11471 --- [main] o.s.j.e.a.AnnotationMBeanExporter        : Bean with name 'serviceRegistryEndpoint' has been autodetected for JMX exposure
2017-03-26 18:56:29.176  INFO 11471 --- [main] o.s.j.e.a.AnnotationMBeanExporter        : Bean with name 'refreshScope' has been autodetected for JMX exposure
2017-03-26 18:56:29.181  INFO 11471 --- [main] o.s.j.e.a.AnnotationMBeanExporter        : Located managed bean 'environmentManager': registering with JMX server as MBean [org.springframework.cloud.context.environment:name=environmentManager,type=EnvironmentManager]
2017-03-26 18:56:29.213  INFO 11471 --- [main] o.s.j.e.a.AnnotationMBeanExporter        : Located managed bean 'restartEndpoint': registering with JMX server as MBean [org.springframework.cloud.context.restart:name=restartEndpoint,type=RestartEndpoint]
2017-03-26 18:56:29.237  INFO 11471 --- [main] o.s.j.e.a.AnnotationMBeanExporter        : Located managed bean 'serviceRegistryEndpoint': registering with JMX server as MBean [org.springframework.cloud.client.serviceregistry.endpoint:name=serviceRegistryEndpoint,type=ServiceRegistryEndpoint]
2017-03-26 18:56:29.255  INFO 11471 --- [main] o.s.j.e.a.AnnotationMBeanExporter        : Located managed bean 'refreshScope': registering with JMX server as MBean [org.springframework.cloud.context.scope.refresh:name=refreshScope,type=RefreshScope]
2017-03-26 18:56:29.279  INFO 11471 --- [main] o.s.j.e.a.AnnotationMBeanExporter        : Located managed bean 'configurationPropertiesRebinder': registering with JMX server as MBean [org.springframework.cloud.context.properties:name=configurationPropertiesRebinder,context=1568159,type=ConfigurationPropertiesRebinder]
2017-03-26 18:56:29.291  INFO 11471 --- [main] o.s.j.e.a.AnnotationMBeanExporter        : Located managed bean 'refreshEndpoint': registering with JMX server as MBean [org.springframework.cloud.endpoint:name=refreshEndpoint,type=RefreshEndpoint]
2017-03-26 18:56:30.958  INFO 11471 --- [main] o.s.c.support.DefaultLifecycleProcessor  : Starting beans in phase 0
2017-03-26 18:56:30.959  INFO 11471 --- [main] o.s.c.n.e.s.EurekaServiceRegistry        : Registering application discovery-service with eureka with status UP
2017-03-26 18:56:31.056  INFO 11471 --- [Thread-11] o.s.c.n.e.server.EurekaServerBootstrap   : Setting the eureka configuration..
2017-03-26 18:56:31.065  INFO 11471 --- [Thread-11] o.s.c.n.e.server.EurekaServerBootstrap   : Eureka data center value eureka.datacenter is not set, defaulting to default
2017-03-26 18:56:31.065  INFO 11471 --- [Thread-11] o.s.c.n.e.server.EurekaServerBootstrap   : Eureka environment value eureka.environment is not set, defaulting to test
2017-03-26 18:56:31.132  INFO 11471 --- [Thread-11] o.s.c.n.e.server.EurekaServerBootstrap   : isAws returned false
2017-03-26 18:56:31.133  INFO 11471 --- [Thread-11] o.s.c.n.e.server.EurekaServerBootstrap   : Initialized server context
2017-03-26 18:56:31.133  INFO 11471 --- [Thread-11] c.n.e.r.PeerAwareInstanceRegistryImpl    : Got 1 instances from neighboring DS node
2017-03-26 18:56:31.133  INFO 11471 --- [Thread-11] c.n.e.r.PeerAwareInstanceRegistryImpl    : Renew threshold is: 1
2017-03-26 18:56:31.134  INFO 11471 --- [Thread-11] c.n.e.r.PeerAwareInstanceRegistryImpl    : Changing status to UP
2017-03-26 18:56:31.153  INFO 11471 --- [Thread-11] e.s.EurekaServerInitializerConfiguration : Started Eureka Server
2017-03-26 18:56:31.237  INFO 11471 --- [main] b.c.e.u.UndertowEmbeddedServletContainer : Undertow started on port(s) 1111 (http)
2017-03-26 18:56:31.241  INFO 11471 --- [main] .s.c.n.e.s.EurekaAutoServiceRegistration : Updating port to 1111
2017-03-26 18:56:31.250  INFO 11471 --- [main] c.s.q.discoveryservice.Application       : Started Application in 22.609 seconds (JVM running for 23.55)
2017-03-26 18:56:51.999  INFO 11471 --- [XNIO-2 task-1] io.undertow.servlet                      : Initializing Spring FrameworkServlet 'dispatcherServlet'
2017-03-26 18:56:52.000  INFO 11471 --- [XNIO-2 task-1] o.s.web.servlet.DispatcherServlet        : FrameworkServlet 'dispatcherServlet': initialization started
2017-03-26 18:56:52.053  INFO 11471 --- [XNIO-2 task-1] o.s.web.servlet.DispatcherServlet        : FrameworkServlet 'dispatcherServlet': initialization completed in 53 ms
2017-03-26 18:56:53.056  INFO 11471 --- [XNIO-2 task-2] c.s.j.s.i.a.WebApplicationImpl           : Initiating Jersey application, version 'Jersey: 1.19.1 03/11/2016 02:08 PM'
2017-03-26 18:57:31.137  INFO 11471 --- [Eureka-EvictionTimer] c.n.e.registry.AbstractInstanceRegistry  : Running the evict task with compensationTime 0ms
2017-03-26 18:58:31.137  INFO 11471 --- [Eureka-EvictionTimer] c.n.e.registry.AbstractInstanceRegistry  : Running the evict task with compensationTime 0ms
